Flow report for g46_Lab4
Fri Nov 25 14:51:06 2016
Quartus II 64-Bit Version 13.0.1 Build 232 06/12/2013 Service Pack 1 SJ Web Edition


---------------------
; Table of Contents ;
---------------------
  1. Legal Notice
  2. Flow Summary
  3. Flow Settings
  4. Flow Non-Default Global Settings
  5. Flow Elapsed Time
  6. Flow OS Summary
  7. Flow Log
  8. Flow Messages
  9. Flow Suppressed Messages



----------------
; Legal Notice ;
----------------
Copyright (C) 1991-2013 Altera Corporation
Your use of Altera Corporation's design tools, logic functions 
and other software and tools, and its AMPP partner logic 
functions, and any output files from any of the foregoing 
(including device programming or simulation files), and any 
associated documentation or information are expressly subject 
to the terms and conditions of the Altera Program License 
Subscription Agreement, Altera MegaCore Function License 
Agreement, or other applicable license agreement, including, 
without limitation, that your use is for the sole purpose of 
programming logic devices manufactured by Altera and sold by 
Altera or its authorized distributors.  Please refer to the 
applicable agreement for further details.



+--------------------------------------------------------------------------------------+
; Flow Summary                                                                         ;
+------------------------------------+-------------------------------------------------+
; Flow Status                        ; Successful - Fri Nov 25 14:51:06 2016           ;
; Quartus II 64-Bit Version          ; 13.0.1 Build 232 06/12/2013 SP 1 SJ Web Edition ;
; Revision Name                      ; g46_Lab4                                        ;
; Top-level Entity Name              ; g46_VGA_Test_Pattern                            ;
; Family                             ; Cyclone II                                      ;
; Device                             ; EP2C20F484C7                                    ;
; Timing Models                      ; Final                                           ;
; Total logic elements               ; 349 / 18,752 ( 2 % )                            ;
;     Total combinational functions  ; 342 / 18,752 ( 2 % )                            ;
;     Dedicated logic registers      ; 86 / 18,752 ( < 1 % )                           ;
; Total registers                    ; 86                                              ;
; Total pins                         ; 22 / 315 ( 7 % )                                ;
; Total virtual pins                 ; 0                                               ;
; Total memory bits                  ; 16,384 / 239,616 ( 7 % )                        ;
; Embedded Multiplier 9-bit elements ; 0 / 52 ( 0 % )                                  ;
; Total PLLs                         ; 0 / 4 ( 0 % )                                   ;
+------------------------------------+-------------------------------------------------+


+-----------------------------------------+
; Flow Settings                           ;
+-------------------+---------------------+
; Option            ; Setting             ;
+-------------------+---------------------+
; Start date & time ; 11/25/2016 14:50:46 ;
; Main task         ; Compilation         ;
; Revision Name     ; g46_Lab4            ;
+-------------------+---------------------+


+-------------------------------------------------------------------------------------------------------------------------------------+
; Flow Non-Default Global Settings                                                                                                    ;
+-------------------------------------+---------------------------------------+---------------+----------------------+----------------+
; Assignment Name                     ; Value                                 ; Default Value ; Entity Name          ; Section Id     ;
+-------------------------------------+---------------------------------------+---------------+----------------------+----------------+
; COMPILER_SIGNATURE_ID               ; 88491845880186.148010344608768        ; --            ; --                   ; --             ;
; EDA_OUTPUT_DATA_FORMAT              ; Vhdl                                  ; --            ; --                   ; eda_simulation ;
; EDA_SIMULATION_TOOL                 ; ModelSim-Altera (VHDL)                ; <None>        ; --                   ; --             ;
; MAX_CORE_JUNCTION_TEMP              ; 85                                    ; --            ; --                   ; --             ;
; MIN_CORE_JUNCTION_TEMP              ; 0                                     ; --            ; --                   ; --             ;
; PARTITION_COLOR                     ; 16764057                              ; --            ; g46_VGA_Test_Pattern ; Top            ;
; PARTITION_FITTER_PRESERVATION_LEVEL ; PLACEMENT_AND_ROUTING                 ; --            ; g46_VGA_Test_Pattern ; Top            ;
; PARTITION_NETLIST_TYPE              ; SOURCE                                ; --            ; g46_VGA_Test_Pattern ; Top            ;
; POWER_BOARD_THERMAL_MODEL           ; None (CONSERVATIVE)                   ; --            ; --                   ; --             ;
; POWER_PRESET_COOLING_SOLUTION       ; 23 MM HEAT SINK WITH 200 LFPM AIRFLOW ; --            ; --                   ; --             ;
; PROJECT_OUTPUT_DIRECTORY            ; output_files                          ; --            ; --                   ; --             ;
; TOP_LEVEL_ENTITY                    ; g46_VGA_Test_Pattern                  ; g46_Lab4      ; --                   ; --             ;
+-------------------------------------+---------------------------------------+---------------+----------------------+----------------+


+-------------------------------------------------------------------------------------------------------------------------------+
; Flow Elapsed Time                                                                                                             ;
+---------------------------+--------------+-------------------------+---------------------+------------------------------------+
; Module Name               ; Elapsed Time ; Average Processors Used ; Peak Virtual Memory ; Total CPU Time (on all processors) ;
+---------------------------+--------------+-------------------------+---------------------+------------------------------------+
; Analysis & Synthesis      ; 00:00:08     ; 1.0                     ; 535 MB              ; 00:00:06                           ;
; Fitter                    ; 00:00:05     ; 1.0                     ; 725 MB              ; 00:00:04                           ;
; Assembler                 ; 00:00:02     ; 1.0                     ; 448 MB              ; 00:00:01                           ;
; TimeQuest Timing Analyzer ; 00:00:01     ; 1.0                     ; 435 MB              ; 00:00:01                           ;
; EDA Netlist Writer        ; 00:00:01     ; 1.0                     ; 398 MB              ; 00:00:01                           ;
; Total                     ; 00:00:17     ; --                      ; --                  ; 00:00:13                           ;
+---------------------------+--------------+-------------------------+---------------------+------------------------------------+


+--------------------------------------------------------------------------------------------------+
; Flow OS Summary                                                                                  ;
+---------------------------+----------------------------+-----------+------------+----------------+
; Module Name               ; Machine Hostname           ; OS Name   ; OS Version ; Processor type ;
+---------------------------+----------------------------+-----------+------------+----------------+
; Analysis & Synthesis      ; ThinkPad-T450-GUANHAO-ZHAO ; Windows 7 ; 6.2        ; x86_64         ;
; Fitter                    ; ThinkPad-T450-GUANHAO-ZHAO ; Windows 7 ; 6.2        ; x86_64         ;
; Assembler                 ; ThinkPad-T450-GUANHAO-ZHAO ; Windows 7 ; 6.2        ; x86_64         ;
; TimeQuest Timing Analyzer ; ThinkPad-T450-GUANHAO-ZHAO ; Windows 7 ; 6.2        ; x86_64         ;
; EDA Netlist Writer        ; ThinkPad-T450-GUANHAO-ZHAO ; Windows 7 ; 6.2        ; x86_64         ;
+---------------------------+----------------------------+-----------+------------+----------------+


------------
; Flow Log ;
------------
quartus_map --read_settings_files=on --write_settings_files=off g46_Lab4 -c g46_Lab4
quartus_fit --read_settings_files=off --write_settings_files=off g46_Lab4 -c g46_Lab4
quartus_asm --read_settings_files=off --write_settings_files=off g46_Lab4 -c g46_Lab4
quartus_sta g46_Lab4 -c g46_Lab4
quartus_eda --read_settings_files=off --write_settings_files=off g46_Lab4 -c g46_Lab4



