Analysis & Synthesis report for g46_Lab4
Fri Nov 25 14:50:53 2016
Quartus II 64-Bit Version 13.0.1 Build 232 06/12/2013 Service Pack 1 SJ Web Edition


---------------------
; Table of Contents ;
---------------------
  1. Legal Notice
  2. Analysis & Synthesis Summary
  3. Analysis & Synthesis Settings
  4. Parallel Compilation
  5. Analysis & Synthesis Source Files Read
  6. Analysis & Synthesis Resource Usage Summary
  7. Analysis & Synthesis Resource Utilization by Entity
  8. Analysis & Synthesis RAM Summary
  9. Registers Removed During Synthesis
 10. General Register Statistics
 11. Registers Packed Into Inferred Megafunctions
 12. Multiplexer Restructuring Statistics (Restructuring Performed)
 13. Source assignments for fontROM:rom|altsyncram:ROM_rtl_0|altsyncram_gm61:auto_generated
 14. Parameter Settings for User Entity Instance: LPM_COUNTER:counterS
 15. Parameter Settings for User Entity Instance: g46_VGA:vga1|LPM_COUNTER:counterH
 16. Parameter Settings for User Entity Instance: g46_VGA:vga1|LPM_COUNTER:counterV
 17. Parameter Settings for User Entity Instance: fontROM:rom
 18. Parameter Settings for Inferred Entity Instance: fontROM:rom|altsyncram:ROM_rtl_0
 19. altsyncram Parameter Settings by Entity Instance
 20. Port Connectivity Checks: "g46_VGA:vga1"
 21. Elapsed Time Per Partition
 22. Analysis & Synthesis Messages



----------------
; Legal Notice ;
----------------
Copyright (C) 1991-2013 Altera Corporation
Your use of Altera Corporation's design tools, logic functions 
and other software and tools, and its AMPP partner logic 
functions, and any output files from any of the foregoing 
(including device programming or simulation files), and any 
associated documentation or information are expressly subject 
to the terms and conditions of the Altera Program License 
Subscription Agreement, Altera MegaCore Function License 
Agreement, or other applicable license agreement, including, 
without limitation, that your use is for the sole purpose of 
programming logic devices manufactured by Altera and sold by 
Altera or its authorized distributors.  Please refer to the 
applicable agreement for further details.



+--------------------------------------------------------------------------------------+
; Analysis & Synthesis Summary                                                         ;
+------------------------------------+-------------------------------------------------+
; Analysis & Synthesis Status        ; Successful - Fri Nov 25 14:50:53 2016           ;
; Quartus II 64-Bit Version          ; 13.0.1 Build 232 06/12/2013 SP 1 SJ Web Edition ;
; Revision Name                      ; g46_Lab4                                        ;
; Top-level Entity Name              ; g46_VGA_Test_Pattern                            ;
; Family                             ; Cyclone II                                      ;
; Total logic elements               ; 349                                             ;
;     Total combinational functions  ; 342                                             ;
;     Dedicated logic registers      ; 86                                              ;
; Total registers                    ; 86                                              ;
; Total pins                         ; 22                                              ;
; Total virtual pins                 ; 0                                               ;
; Total memory bits                  ; 16,384                                          ;
; Embedded Multiplier 9-bit elements ; 0                                               ;
; Total PLLs                         ; 0                                               ;
+------------------------------------+-------------------------------------------------+


+------------------------------------------------------------------------------------------------------------------------+
; Analysis & Synthesis Settings                                                                                          ;
+----------------------------------------------------------------------------+----------------------+--------------------+
; Option                                                                     ; Setting              ; Default Value      ;
+----------------------------------------------------------------------------+----------------------+--------------------+
; Device                                                                     ; EP2C20F484C7         ;                    ;
; Top-level entity name                                                      ; g46_VGA_Test_Pattern ; g46_Lab4           ;
; Family name                                                                ; Cyclone II           ; Cyclone V          ;
; Use smart compilation                                                      ; Off                  ; Off                ;
; Enable parallel Assembler and TimeQuest Timing Analyzer during compilation ; On                   ; On                 ;
; Enable compact report table                                                ; Off                  ; Off                ;
; Restructure Multiplexers                                                   ; Auto                 ; Auto               ;
; Create Debugging Nodes for IP Cores                                        ; Off                  ; Off                ;
; Preserve fewer node names                                                  ; On                   ; On                 ;
; Disable OpenCore Plus hardware evaluation                                  ; Off                  ; Off                ;
; Verilog Version                                                            ; Verilog_2001         ; Verilog_2001       ;
; VHDL Version                                                               ; VHDL_1993            ; VHDL_1993          ;
; State Machine Processing                                                   ; Auto                 ; Auto               ;
; Safe State Machine                                                         ; Off                  ; Off                ;
; Extract Verilog State Machines                                             ; On                   ; On                 ;
; Extract VHDL State Machines                                                ; On                   ; On                 ;
; Ignore Verilog initial constructs                                          ; Off                  ; Off                ;
; Iteration limit for constant Verilog loops                                 ; 5000                 ; 5000               ;
; Iteration limit for non-constant Verilog loops                             ; 250                  ; 250                ;
; Add Pass-Through Logic to Inferred RAMs                                    ; On                   ; On                 ;
; Infer RAMs from Raw Logic                                                  ; On                   ; On                 ;
; Parallel Synthesis                                                         ; On                   ; On                 ;
; DSP Block Balancing                                                        ; Auto                 ; Auto               ;
; NOT Gate Push-Back                                                         ; On                   ; On                 ;
; Power-Up Don't Care                                                        ; On                   ; On                 ;
; Remove Redundant Logic Cells                                               ; Off                  ; Off                ;
; Remove Duplicate Registers                                                 ; On                   ; On                 ;
; Ignore CARRY Buffers                                                       ; Off                  ; Off                ;
; Ignore CASCADE Buffers                                                     ; Off                  ; Off                ;
; Ignore GLOBAL Buffers                                                      ; Off                  ; Off                ;
; Ignore ROW GLOBAL Buffers                                                  ; Off                  ; Off                ;
; Ignore LCELL Buffers                                                       ; Off                  ; Off                ;
; Ignore SOFT Buffers                                                        ; On                   ; On                 ;
; Limit AHDL Integers to 32 Bits                                             ; Off                  ; Off                ;
; Optimization Technique                                                     ; Balanced             ; Balanced           ;
; Carry Chain Length                                                         ; 70                   ; 70                 ;
; Auto Carry Chains                                                          ; On                   ; On                 ;
; Auto Open-Drain Pins                                                       ; On                   ; On                 ;
; Perform WYSIWYG Primitive Resynthesis                                      ; Off                  ; Off                ;
; Auto ROM Replacement                                                       ; On                   ; On                 ;
; Auto RAM Replacement                                                       ; On                   ; On                 ;
; Auto Shift Register Replacement                                            ; Auto                 ; Auto               ;
; Allow Shift Register Merging across Hierarchies                            ; Auto                 ; Auto               ;
; Auto Clock Enable Replacement                                              ; On                   ; On                 ;
; Strict RAM Replacement                                                     ; Off                  ; Off                ;
; Allow Synchronous Control Signals                                          ; On                   ; On                 ;
; Force Use of Synchronous Clear Signals                                     ; Off                  ; Off                ;
; Auto RAM to Logic Cell Conversion                                          ; Off                  ; Off                ;
; Auto Resource Sharing                                                      ; Off                  ; Off                ;
; Allow Any RAM Size For Recognition                                         ; Off                  ; Off                ;
; Allow Any ROM Size For Recognition                                         ; Off                  ; Off                ;
; Allow Any Shift Register Size For Recognition                              ; Off                  ; Off                ;
; Use LogicLock Constraints during Resource Balancing                        ; On                   ; On                 ;
; Ignore translate_off and synthesis_off directives                          ; Off                  ; Off                ;
; Timing-Driven Synthesis                                                    ; Off                  ; Off                ;
; Report Parameter Settings                                                  ; On                   ; On                 ;
; Report Source Assignments                                                  ; On                   ; On                 ;
; Report Connectivity Checks                                                 ; On                   ; On                 ;
; Ignore Maximum Fan-Out Assignments                                         ; Off                  ; Off                ;
; Synchronization Register Chain Length                                      ; 2                    ; 2                  ;
; PowerPlay Power Optimization                                               ; Normal compilation   ; Normal compilation ;
; HDL message level                                                          ; Level2               ; Level2             ;
; Suppress Register Optimization Related Messages                            ; Off                  ; Off                ;
; Number of Removed Registers Reported in Synthesis Report                   ; 5000                 ; 5000               ;
; Number of Swept Nodes Reported in Synthesis Report                         ; 5000                 ; 5000               ;
; Number of Inverted Registers Reported in Synthesis Report                  ; 100                  ; 100                ;
; Clock MUX Protection                                                       ; On                   ; On                 ;
; Auto Gated Clock Conversion                                                ; Off                  ; Off                ;
; Block Design Naming                                                        ; Auto                 ; Auto               ;
; SDC constraint protection                                                  ; Off                  ; Off                ;
; Synthesis Effort                                                           ; Auto                 ; Auto               ;
; Shift Register Replacement - Allow Asynchronous Clear Signal               ; On                   ; On                 ;
; Pre-Mapping Resynthesis Optimization                                       ; Off                  ; Off                ;
; Analysis & Synthesis Message Level                                         ; Medium               ; Medium             ;
; Disable Register Merging Across Hierarchies                                ; Auto                 ; Auto               ;
; Resource Aware Inference For Block RAM                                     ; On                   ; On                 ;
; Synthesis Seed                                                             ; 1                    ; 1                  ;
+----------------------------------------------------------------------------+----------------------+--------------------+


Parallel compilation was disabled, but you have multiple processors available. Enable parallel compilation to reduce compilation time.
+-------------------------------------+
; Parallel Compilation                ;
+----------------------------+--------+
; Processors                 ; Number ;
+----------------------------+--------+
; Number detected on machine ; 4      ;
; Maximum allowed            ; 1      ;
+----------------------------+--------+


+-----------------------------------------------------------------------------------------------------------------------------------------------------------------------------------------------------------+
; Analysis & Synthesis Source Files Read                                                                                                                                                                    ;
+-------------------------------------------+-----------------+-------------------------------------------------------+---------------------------------------------------------------------------+---------+
; File Name with User-Entered Path          ; Used in Netlist ; File Type                                             ; File Name with Absolute Path                                              ; Library ;
+-------------------------------------------+-----------------+-------------------------------------------------------+---------------------------------------------------------------------------+---------+
; fontROM.vhd                               ; yes             ; User VHDL File                                        ; C:/Users/GuanHao/Desktop/Lab4/fontROM.vhd                                 ;         ;
; g46_VGA_Test_Pattern.vhd                  ; yes             ; User VHDL File                                        ; C:/Users/GuanHao/Desktop/Lab4/g46_VGA_Test_Pattern.vhd                    ;         ;
; g46_VGA.vhd                               ; yes             ; User VHDL File                                        ; C:/Users/GuanHao/Desktop/Lab4/g46_VGA.vhd                                 ;         ;
; g46_Text_Address_Generator.vhd            ; yes             ; User VHDL File                                        ; C:/Users/GuanHao/Desktop/Lab4/g46_Text_Address_Generator.vhd              ;         ;
; g46_Text_Generator.vhd                    ; yes             ; User VHDL File                                        ; C:/Users/GuanHao/Desktop/Lab4/g46_Text_Generator.vhd                      ;         ;
; lpm_counter.tdf                           ; yes             ; Megafunction                                          ; c:/altera/13.0sp1/quartus/libraries/megafunctions/lpm_counter.tdf         ;         ;
; lpm_constant.inc                          ; yes             ; Megafunction                                          ; c:/altera/13.0sp1/quartus/libraries/megafunctions/lpm_constant.inc        ;         ;
; lpm_decode.inc                            ; yes             ; Megafunction                                          ; c:/altera/13.0sp1/quartus/libraries/megafunctions/lpm_decode.inc          ;         ;
; lpm_add_sub.inc                           ; yes             ; Megafunction                                          ; c:/altera/13.0sp1/quartus/libraries/megafunctions/lpm_add_sub.inc         ;         ;
; cmpconst.inc                              ; yes             ; Megafunction                                          ; c:/altera/13.0sp1/quartus/libraries/megafunctions/cmpconst.inc            ;         ;
; lpm_compare.inc                           ; yes             ; Megafunction                                          ; c:/altera/13.0sp1/quartus/libraries/megafunctions/lpm_compare.inc         ;         ;
; lpm_counter.inc                           ; yes             ; Megafunction                                          ; c:/altera/13.0sp1/quartus/libraries/megafunctions/lpm_counter.inc         ;         ;
; dffeea.inc                                ; yes             ; Megafunction                                          ; c:/altera/13.0sp1/quartus/libraries/megafunctions/dffeea.inc              ;         ;
; alt_counter_stratix.inc                   ; yes             ; Megafunction                                          ; c:/altera/13.0sp1/quartus/libraries/megafunctions/alt_counter_stratix.inc ;         ;
; aglobal130.inc                            ; yes             ; Megafunction                                          ; c:/altera/13.0sp1/quartus/libraries/megafunctions/aglobal130.inc          ;         ;
; db/cntr_9bi.tdf                           ; yes             ; Auto-Generated Megafunction                           ; C:/Users/GuanHao/Desktop/Lab4/db/cntr_9bi.tdf                             ;         ;
; db/cntr_mpi.tdf                           ; yes             ; Auto-Generated Megafunction                           ; C:/Users/GuanHao/Desktop/Lab4/db/cntr_mpi.tdf                             ;         ;
; db/cntr_cej.tdf                           ; yes             ; Auto-Generated Megafunction                           ; C:/Users/GuanHao/Desktop/Lab4/db/cntr_cej.tdf                             ;         ;
; altsyncram.tdf                            ; yes             ; Megafunction                                          ; c:/altera/13.0sp1/quartus/libraries/megafunctions/altsyncram.tdf          ;         ;
; stratix_ram_block.inc                     ; yes             ; Megafunction                                          ; c:/altera/13.0sp1/quartus/libraries/megafunctions/stratix_ram_block.inc   ;         ;
; lpm_mux.inc                               ; yes             ; Megafunction                                          ; c:/altera/13.0sp1/quartus/libraries/megafunctions/lpm_mux.inc             ;         ;
; a_rdenreg.inc                             ; yes             ; Megafunction                                          ; c:/altera/13.0sp1/quartus/libraries/megafunctions/a_rdenreg.inc           ;         ;
; altrom.inc                                ; yes             ; Megafunction                                          ; c:/altera/13.0sp1/quartus/libraries/megafunctions/altrom.inc              ;         ;
; altram.inc                                ; yes             ; Megafunction                                          ; c:/altera/13.0sp1/quartus/libraries/megafunctions/altram.inc              ;         ;
; altdpram.inc                              ; yes             ; Megafunction                                          ; c:/altera/13.0sp1/quartus/libraries/megafunctions/altdpram.inc            ;         ;
; db/altsyncram_gm61.tdf                    ; yes             ; Auto-Generated Megafunction                           ; C:/Users/GuanHao/Desktop/Lab4/db/altsyncram_gm61.tdf                      ;         ;
; db/g46_Lab4.ram0_fontROM_16852496.hdl.mif ; yes             ; Auto-Generated Auto-Found Memory Initialization File  ; C:/Users/GuanHao/Desktop/Lab4/db/g46_Lab4.ram0_fontROM_16852496.hdl.mif   ;         ;
+-------------------------------------------+-----------------+-------------------------------------------------------+---------------------------------------------------------------------------+---------+


+-----------------------------------------------------+
; Analysis & Synthesis Resource Usage Summary         ;
+---------------------------------------------+-------+
; Resource                                    ; Usage ;
+---------------------------------------------+-------+
; Estimated Total logic elements              ; 349   ;
;                                             ;       ;
; Total combinational functions               ; 342   ;
; Logic element usage by number of LUT inputs ;       ;
;     -- 4 input functions                    ; 234   ;
;     -- 3 input functions                    ; 19    ;
;     -- <=2 input functions                  ; 89    ;
;                                             ;       ;
; Logic elements by mode                      ;       ;
;     -- normal mode                          ; 275   ;
;     -- arithmetic mode                      ; 67    ;
;                                             ;       ;
; Total registers                             ; 86    ;
;     -- Dedicated logic registers            ; 86    ;
;     -- I/O registers                        ; 0     ;
;                                             ;       ;
; I/O pins                                    ; 22    ;
; Total memory bits                           ; 16384 ;
; Embedded Multiplier 9-bit elements          ; 0     ;
; Maximum fan-out node                        ; clock ;
; Maximum fan-out                             ; 94    ;
; Total fan-out                               ; 1561  ;
; Average fan-out                             ; 3.41  ;
+---------------------------------------------+-------+


+--------------------------------------------------------------------------------------------------------------------------------------------------------------------------------------------------------------------------------------------------------------+
; Analysis & Synthesis Resource Utilization by Entity                                                                                                                                                                                                          ;
+-------------------------------------------+-------------------+--------------+-------------+--------------+---------+-----------+------+--------------+---------------------------------------------------------------------------------------+--------------+
; Compilation Hierarchy Node                ; LC Combinationals ; LC Registers ; Memory Bits ; DSP Elements ; DSP 9x9 ; DSP 18x18 ; Pins ; Virtual Pins ; Full Hierarchy Name                                                                   ; Library Name ;
+-------------------------------------------+-------------------+--------------+-------------+--------------+---------+-----------+------+--------------+---------------------------------------------------------------------------------------+--------------+
; |g46_VGA_Test_Pattern                     ; 342 (40)          ; 86 (38)      ; 16384       ; 0            ; 0       ; 0         ; 22   ; 0            ; |g46_VGA_Test_Pattern                                                                 ; work         ;
;    |fontROM:rom|                          ; 4 (4)             ; 0 (0)        ; 16384       ; 0            ; 0       ; 0         ; 0    ; 0            ; |g46_VGA_Test_Pattern|fontROM:rom                                                     ; work         ;
;       |altsyncram:ROM_rtl_0|              ; 0 (0)             ; 0 (0)        ; 16384       ; 0            ; 0       ; 0         ; 0    ; 0            ; |g46_VGA_Test_Pattern|fontROM:rom|altsyncram:ROM_rtl_0                                ; work         ;
;          |altsyncram_gm61:auto_generated| ; 0 (0)             ; 0 (0)        ; 16384       ; 0            ; 0       ; 0         ; 0    ; 0            ; |g46_VGA_Test_Pattern|fontROM:rom|altsyncram:ROM_rtl_0|altsyncram_gm61:auto_generated ; work         ;
;    |g46_Text_Generator:text_gen|          ; 200 (200)         ; 0 (0)        ; 0           ; 0            ; 0       ; 0         ; 0    ; 0            ; |g46_VGA_Test_Pattern|g46_Text_Generator:text_gen                                     ; work         ;
;    |g46_VGA:vga1|                         ; 71 (49)           ; 21 (0)       ; 0           ; 0            ; 0       ; 0         ; 0    ; 0            ; |g46_VGA_Test_Pattern|g46_VGA:vga1                                                    ; work         ;
;       |lpm_counter:counterH|              ; 11 (0)            ; 11 (0)       ; 0           ; 0            ; 0       ; 0         ; 0    ; 0            ; |g46_VGA_Test_Pattern|g46_VGA:vga1|lpm_counter:counterH                               ; work         ;
;          |cntr_mpi:auto_generated|        ; 11 (11)           ; 11 (11)      ; 0           ; 0            ; 0       ; 0         ; 0    ; 0            ; |g46_VGA_Test_Pattern|g46_VGA:vga1|lpm_counter:counterH|cntr_mpi:auto_generated       ; work         ;
;       |lpm_counter:counterV|              ; 11 (0)            ; 10 (0)       ; 0           ; 0            ; 0       ; 0         ; 0    ; 0            ; |g46_VGA_Test_Pattern|g46_VGA:vga1|lpm_counter:counterV                               ; work         ;
;          |cntr_cej:auto_generated|        ; 11 (11)           ; 10 (10)      ; 0           ; 0            ; 0       ; 0         ; 0    ; 0            ; |g46_VGA_Test_Pattern|g46_VGA:vga1|lpm_counter:counterV|cntr_cej:auto_generated       ; work         ;
;    |lpm_counter:counterS|                 ; 27 (0)            ; 27 (0)       ; 0           ; 0            ; 0       ; 0         ; 0    ; 0            ; |g46_VGA_Test_Pattern|lpm_counter:counterS                                            ; work         ;
;       |cntr_9bi:auto_generated|           ; 27 (27)           ; 27 (27)      ; 0           ; 0            ; 0       ; 0         ; 0    ; 0            ; |g46_VGA_Test_Pattern|lpm_counter:counterS|cntr_9bi:auto_generated                    ; work         ;
+-------------------------------------------+-------------------+--------------+-------------+--------------+---------+-----------+------+--------------+---------------------------------------------------------------------------------------+--------------+
Note: For table entries with two numbers listed, the numbers in parentheses indicate the number of resources of the given type used by the specific entity alone. The numbers listed outside of parentheses indicate the total resources of the given type used by the specific entity and all of its sub-entities in the hierarchy.


+----------------------------------------------------------------------------------------------------------------------------------------------------------------------------------------------------------+
; Analysis & Synthesis RAM Summary                                                                                                                                                                         ;
+----------------------------------------------------------------------------+------+------+--------------+--------------+--------------+--------------+-------+-------------------------------------------+
; Name                                                                       ; Type ; Mode ; Port A Depth ; Port A Width ; Port B Depth ; Port B Width ; Size  ; MIF                                       ;
+----------------------------------------------------------------------------+------+------+--------------+--------------+--------------+--------------+-------+-------------------------------------------+
; fontROM:rom|altsyncram:ROM_rtl_0|altsyncram_gm61:auto_generated|ALTSYNCRAM ; AUTO ; ROM  ; 2048         ; 8            ; --           ; --           ; 16384 ; db/g46_Lab4.ram0_fontROM_16852496.hdl.mif ;
+----------------------------------------------------------------------------+------+------+--------------+--------------+--------------+--------------+-------+-------------------------------------------+


+------------------------------------------------------------------+
; Registers Removed During Synthesis                               ;
+---------------------------------------+--------------------------+
; Register name                         ; Reason for Removal       ;
+---------------------------------------+--------------------------+
; level_sig[0]                          ; Merged with score_sig[0] ;
; Total Number of Removed Registers = 1 ;                          ;
+---------------------------------------+--------------------------+


+------------------------------------------------------+
; General Register Statistics                          ;
+----------------------------------------------+-------+
; Statistic                                    ; Value ;
+----------------------------------------------+-------+
; Total registers                              ; 86    ;
; Number of registers using Synchronous Clear  ; 0     ;
; Number of registers using Synchronous Load   ; 21    ;
; Number of registers using Asynchronous Clear ; 48    ;
; Number of registers using Asynchronous Load  ; 0     ;
; Number of registers using Clock Enable       ; 25    ;
; Number of registers using Preset             ; 0     ;
+----------------------------------------------+-------+


+-----------------------------------------------------------+
; Registers Packed Into Inferred Megafunctions              ;
+----------------------------+-----------------------+------+
; Register Name              ; Megafunction          ; Type ;
+----------------------------+-----------------------+------+
; fontROM:rom|dataOutA[0..7] ; fontROM:rom|ROM_rtl_0 ; RAM  ;
+----------------------------+-----------------------+------+


+------------------------------------------------------------------------------------------------------------------------------------------+
; Multiplexer Restructuring Statistics (Restructuring Performed)                                                                           ;
+--------------------+-----------+---------------+----------------------+------------------------+------------+----------------------------+
; Multiplexer Inputs ; Bus Width ; Baseline Area ; Area if Restructured ; Saving if Restructured ; Registered ; Example Multiplexer Output ;
+--------------------+-----------+---------------+----------------------+------------------------+------------+----------------------------+
; 3:1                ; 4 bits    ; 8 LEs         ; 8 LEs                ; 0 LEs                  ; No         ; |g46_VGA_Test_Pattern|R    ;
+--------------------+-----------+---------------+----------------------+------------------------+------------+----------------------------+


+----------------------------------------------------------------------------------------+
; Source assignments for fontROM:rom|altsyncram:ROM_rtl_0|altsyncram_gm61:auto_generated ;
+---------------------------------+--------------------+------+--------------------------+
; Assignment                      ; Value              ; From ; To                       ;
+---------------------------------+--------------------+------+--------------------------+
; OPTIMIZE_POWER_DURING_SYNTHESIS ; NORMAL_COMPILATION ; -    ; -                        ;
+---------------------------------+--------------------+------+--------------------------+


+-------------------------------------------------------------------+
; Parameter Settings for User Entity Instance: LPM_COUNTER:counterS ;
+------------------------+-------------------+----------------------+
; Parameter Name         ; Value             ; Type                 ;
+------------------------+-------------------+----------------------+
; AUTO_CARRY_CHAINS      ; ON                ; AUTO_CARRY           ;
; IGNORE_CARRY_BUFFERS   ; OFF               ; IGNORE_CARRY         ;
; AUTO_CASCADE_CHAINS    ; ON                ; AUTO_CASCADE         ;
; IGNORE_CASCADE_BUFFERS ; OFF               ; IGNORE_CASCADE       ;
; LPM_WIDTH              ; 27                ; Signed Integer       ;
; LPM_DIRECTION          ; DEFAULT           ; Untyped              ;
; LPM_MODULUS            ; 0                 ; Signed Integer       ;
; LPM_AVALUE             ; UNUSED            ; Untyped              ;
; LPM_SVALUE             ; UNUSED            ; Untyped              ;
; LPM_PORT_UPDOWN        ; PORT_CONNECTIVITY ; Untyped              ;
; DEVICE_FAMILY          ; Cyclone II        ; Untyped              ;
; CARRY_CHAIN            ; MANUAL            ; Untyped              ;
; CARRY_CHAIN_LENGTH     ; 48                ; CARRY_CHAIN_LENGTH   ;
; NOT_GATE_PUSH_BACK     ; ON                ; NOT_GATE_PUSH_BACK   ;
; CARRY_CNT_EN           ; SMART             ; Untyped              ;
; LABWIDE_SCLR           ; ON                ; Untyped              ;
; USE_NEW_VERSION        ; TRUE              ; Untyped              ;
; CBXI_PARAMETER         ; cntr_9bi          ; Untyped              ;
+------------------------+-------------------+----------------------+
Note: In order to hide this table in the UI and the text report file, please set the "Show Parameter Settings in Synthesis Report" option in "Analysis and Synthesis Settings -> More Settings" to "Off".


+--------------------------------------------------------------------------------+
; Parameter Settings for User Entity Instance: g46_VGA:vga1|LPM_COUNTER:counterH ;
+------------------------+-------------------+-----------------------------------+
; Parameter Name         ; Value             ; Type                              ;
+------------------------+-------------------+-----------------------------------+
; AUTO_CARRY_CHAINS      ; ON                ; AUTO_CARRY                        ;
; IGNORE_CARRY_BUFFERS   ; OFF               ; IGNORE_CARRY                      ;
; AUTO_CASCADE_CHAINS    ; ON                ; AUTO_CASCADE                      ;
; IGNORE_CASCADE_BUFFERS ; OFF               ; IGNORE_CASCADE                    ;
; LPM_WIDTH              ; 11                ; Signed Integer                    ;
; LPM_DIRECTION          ; DEFAULT           ; Untyped                           ;
; LPM_MODULUS            ; 0                 ; Signed Integer                    ;
; LPM_AVALUE             ; UNUSED            ; Untyped                           ;
; LPM_SVALUE             ; UNUSED            ; Untyped                           ;
; LPM_PORT_UPDOWN        ; PORT_CONNECTIVITY ; Untyped                           ;
; DEVICE_FAMILY          ; Cyclone II        ; Untyped                           ;
; CARRY_CHAIN            ; MANUAL            ; Untyped                           ;
; CARRY_CHAIN_LENGTH     ; 48                ; CARRY_CHAIN_LENGTH                ;
; NOT_GATE_PUSH_BACK     ; ON                ; NOT_GATE_PUSH_BACK                ;
; CARRY_CNT_EN           ; SMART             ; Untyped                           ;
; LABWIDE_SCLR           ; ON                ; Untyped                           ;
; USE_NEW_VERSION        ; TRUE              ; Untyped                           ;
; CBXI_PARAMETER         ; cntr_mpi          ; Untyped                           ;
+------------------------+-------------------+-----------------------------------+
Note: In order to hide this table in the UI and the text report file, please set the "Show Parameter Settings in Synthesis Report" option in "Analysis and Synthesis Settings -> More Settings" to "Off".


+--------------------------------------------------------------------------------+
; Parameter Settings for User Entity Instance: g46_VGA:vga1|LPM_COUNTER:counterV ;
+------------------------+-------------------+-----------------------------------+
; Parameter Name         ; Value             ; Type                              ;
+------------------------+-------------------+-----------------------------------+
; AUTO_CARRY_CHAINS      ; ON                ; AUTO_CARRY                        ;
; IGNORE_CARRY_BUFFERS   ; OFF               ; IGNORE_CARRY                      ;
; AUTO_CASCADE_CHAINS    ; ON                ; AUTO_CASCADE                      ;
; IGNORE_CASCADE_BUFFERS ; OFF               ; IGNORE_CASCADE                    ;
; LPM_WIDTH              ; 10                ; Signed Integer                    ;
; LPM_DIRECTION          ; DEFAULT           ; Untyped                           ;
; LPM_MODULUS            ; 0                 ; Signed Integer                    ;
; LPM_AVALUE             ; UNUSED            ; Untyped                           ;
; LPM_SVALUE             ; UNUSED            ; Untyped                           ;
; LPM_PORT_UPDOWN        ; PORT_CONNECTIVITY ; Untyped                           ;
; DEVICE_FAMILY          ; Cyclone II        ; Untyped                           ;
; CARRY_CHAIN            ; MANUAL            ; Untyped                           ;
; CARRY_CHAIN_LENGTH     ; 48                ; CARRY_CHAIN_LENGTH                ;
; NOT_GATE_PUSH_BACK     ; ON                ; NOT_GATE_PUSH_BACK                ;
; CARRY_CNT_EN           ; SMART             ; Untyped                           ;
; LABWIDE_SCLR           ; ON                ; Untyped                           ;
; USE_NEW_VERSION        ; TRUE              ; Untyped                           ;
; CBXI_PARAMETER         ; cntr_cej          ; Untyped                           ;
+------------------------+-------------------+-----------------------------------+
Note: In order to hide this table in the UI and the text report file, please set the "Show Parameter Settings in Synthesis Report" option in "Analysis and Synthesis Settings -> More Settings" to "Off".


+----------------------------------------------------------+
; Parameter Settings for User Entity Instance: fontROM:rom ;
+----------------+-------+---------------------------------+
; Parameter Name ; Value ; Type                            ;
+----------------+-------+---------------------------------+
; addrwidth      ; 11    ; Signed Integer                  ;
; datawidth      ; 8     ; Signed Integer                  ;
+----------------+-------+---------------------------------+
Note: In order to hide this table in the UI and the text report file, please set the "Show Parameter Settings in Synthesis Report" option in "Analysis and Synthesis Settings -> More Settings" to "Off".


+-------------------------------------------------------------------------------------------------+
; Parameter Settings for Inferred Entity Instance: fontROM:rom|altsyncram:ROM_rtl_0               ;
+------------------------------------+-------------------------------------------+----------------+
; Parameter Name                     ; Value                                     ; Type           ;
+------------------------------------+-------------------------------------------+----------------+
; BYTE_SIZE_BLOCK                    ; 8                                         ; Untyped        ;
; AUTO_CARRY_CHAINS                  ; ON                                        ; AUTO_CARRY     ;
; IGNORE_CARRY_BUFFERS               ; OFF                                       ; IGNORE_CARRY   ;
; AUTO_CASCADE_CHAINS                ; ON                                        ; AUTO_CASCADE   ;
; IGNORE_CASCADE_BUFFERS             ; OFF                                       ; IGNORE_CASCADE ;
; WIDTH_BYTEENA                      ; 1                                         ; Untyped        ;
; OPERATION_MODE                     ; ROM                                       ; Untyped        ;
; WIDTH_A                            ; 8                                         ; Untyped        ;
; WIDTHAD_A                          ; 11                                        ; Untyped        ;
; NUMWORDS_A                         ; 2048                                      ; Untyped        ;
; OUTDATA_REG_A                      ; UNREGISTERED                              ; Untyped        ;
; ADDRESS_ACLR_A                     ; NONE                                      ; Untyped        ;
; OUTDATA_ACLR_A                     ; NONE                                      ; Untyped        ;
; WRCONTROL_ACLR_A                   ; NONE                                      ; Untyped        ;
; INDATA_ACLR_A                      ; NONE                                      ; Untyped        ;
; BYTEENA_ACLR_A                     ; NONE                                      ; Untyped        ;
; WIDTH_B                            ; 1                                         ; Untyped        ;
; WIDTHAD_B                          ; 1                                         ; Untyped        ;
; NUMWORDS_B                         ; 1                                         ; Untyped        ;
; INDATA_REG_B                       ; CLOCK1                                    ; Untyped        ;
; WRCONTROL_WRADDRESS_REG_B          ; CLOCK1                                    ; Untyped        ;
; RDCONTROL_REG_B                    ; CLOCK1                                    ; Untyped        ;
; ADDRESS_REG_B                      ; CLOCK1                                    ; Untyped        ;
; OUTDATA_REG_B                      ; UNREGISTERED                              ; Untyped        ;
; BYTEENA_REG_B                      ; CLOCK1                                    ; Untyped        ;
; INDATA_ACLR_B                      ; NONE                                      ; Untyped        ;
; WRCONTROL_ACLR_B                   ; NONE                                      ; Untyped        ;
; ADDRESS_ACLR_B                     ; NONE                                      ; Untyped        ;
; OUTDATA_ACLR_B                     ; NONE                                      ; Untyped        ;
; RDCONTROL_ACLR_B                   ; NONE                                      ; Untyped        ;
; BYTEENA_ACLR_B                     ; NONE                                      ; Untyped        ;
; WIDTH_BYTEENA_A                    ; 1                                         ; Untyped        ;
; WIDTH_BYTEENA_B                    ; 1                                         ; Untyped        ;
; RAM_BLOCK_TYPE                     ; AUTO                                      ; Untyped        ;
; BYTE_SIZE                          ; 8                                         ; Untyped        ;
; READ_DURING_WRITE_MODE_MIXED_PORTS ; DONT_CARE                                 ; Untyped        ;
; READ_DURING_WRITE_MODE_PORT_A      ; NEW_DATA_NO_NBE_READ                      ; Untyped        ;
; READ_DURING_WRITE_MODE_PORT_B      ; NEW_DATA_NO_NBE_READ                      ; Untyped        ;
; INIT_FILE                          ; db/g46_Lab4.ram0_fontROM_16852496.hdl.mif ; Untyped        ;
; INIT_FILE_LAYOUT                   ; PORT_A                                    ; Untyped        ;
; MAXIMUM_DEPTH                      ; 0                                         ; Untyped        ;
; CLOCK_ENABLE_INPUT_A               ; NORMAL                                    ; Untyped        ;
; CLOCK_ENABLE_INPUT_B               ; NORMAL                                    ; Untyped        ;
; CLOCK_ENABLE_OUTPUT_A              ; NORMAL                                    ; Untyped        ;
; CLOCK_ENABLE_OUTPUT_B              ; NORMAL                                    ; Untyped        ;
; CLOCK_ENABLE_CORE_A                ; USE_INPUT_CLKEN                           ; Untyped        ;
; CLOCK_ENABLE_CORE_B                ; USE_INPUT_CLKEN                           ; Untyped        ;
; ENABLE_ECC                         ; FALSE                                     ; Untyped        ;
; ECC_PIPELINE_STAGE_ENABLED         ; FALSE                                     ; Untyped        ;
; WIDTH_ECCSTATUS                    ; 3                                         ; Untyped        ;
; DEVICE_FAMILY                      ; Cyclone II                                ; Untyped        ;
; CBXI_PARAMETER                     ; altsyncram_gm61                           ; Untyped        ;
+------------------------------------+-------------------------------------------+----------------+
Note: In order to hide this table in the UI and the text report file, please set the "Show Parameter Settings in Synthesis Report" option in "Analysis and Synthesis Settings -> More Settings" to "Off".


+------------------------------------------------------------------------------+
; altsyncram Parameter Settings by Entity Instance                             ;
+-------------------------------------------+----------------------------------+
; Name                                      ; Value                            ;
+-------------------------------------------+----------------------------------+
; Number of entity instances                ; 1                                ;
; Entity Instance                           ; fontROM:rom|altsyncram:ROM_rtl_0 ;
;     -- OPERATION_MODE                     ; ROM                              ;
;     -- WIDTH_A                            ; 8                                ;
;     -- NUMWORDS_A                         ; 2048                             ;
;     -- OUTDATA_REG_A                      ; UNREGISTERED                     ;
;     -- WIDTH_B                            ; 1                                ;
;     -- NUMWORDS_B                         ; 1                                ;
;     -- ADDRESS_REG_B                      ; CLOCK1                           ;
;     -- OUTDATA_REG_B                      ; UNREGISTERED                     ;
;     -- RAM_BLOCK_TYPE                     ; AUTO                             ;
;     -- READ_DURING_WRITE_MODE_MIXED_PORTS ; DONT_CARE                        ;
+-------------------------------------------+----------------------------------+


+--------------------------------------------------------------------------------------------------------------------+
; Port Connectivity Checks: "g46_VGA:vga1"                                                                           ;
+----------+--------+----------+-------------------------------------------------------------------------------------+
; Port     ; Type   ; Severity ; Details                                                                             ;
+----------+--------+----------+-------------------------------------------------------------------------------------+
; blanking ; Output ; Info     ; Connected to dangling logic. Logic that only feeds a dangling port will be removed. ;
+----------+--------+----------+-------------------------------------------------------------------------------------+


+-------------------------------+
; Elapsed Time Per Partition    ;
+----------------+--------------+
; Partition Name ; Elapsed Time ;
+----------------+--------------+
; Top            ; 00:00:04     ;
+----------------+--------------+


+-------------------------------+
; Analysis & Synthesis Messages ;
+-------------------------------+
Info: *******************************************************************
Info: Running Quartus II 64-Bit Analysis & Synthesis
    Info: Version 13.0.1 Build 232 06/12/2013 Service Pack 1 SJ Web Edition
    Info: Processing started: Fri Nov 25 14:50:45 2016
Info: Command: quartus_map --read_settings_files=on --write_settings_files=off g46_Lab4 -c g46_Lab4
Warning (20028): Parallel compilation is not licensed and has been disabled
Info (12021): Found 2 design units, including 1 entities, in source file fontrom.vhd
    Info (12022): Found design unit 1: fontROM-Behavioral
    Info (12023): Found entity 1: fontROM
Info (12021): Found 2 design units, including 1 entities, in source file g46_vga_test_pattern.vhd
    Info (12022): Found design unit 1: g46_VGA_Test_Pattern-g46_VGA_Test_Pattern_arc
    Info (12023): Found entity 1: g46_VGA_Test_Pattern
Info (12021): Found 2 design units, including 1 entities, in source file g46_vga.vhd
    Info (12022): Found design unit 1: g46_VGA-g46_VGA_arc
    Info (12023): Found entity 1: g46_VGA
Info (12021): Found 2 design units, including 1 entities, in source file g46_text_address_generator.vhd
    Info (12022): Found design unit 1: g46_Text_Address_Generator-g46_Text_Address_Generator_arc
    Info (12023): Found entity 1: g46_Text_Address_Generator
Info (12021): Found 2 design units, including 1 entities, in source file g46_text_generator.vhd
    Info (12022): Found design unit 1: g46_Text_Generator-g46_Text_Generator_arc
    Info (12023): Found entity 1: g46_Text_Generator
Info (12127): Elaborating entity "g46_VGA_Test_Pattern" for the top level hierarchy
Warning (10036): Verilog HDL or VHDL warning at g46_VGA_Test_Pattern.vhd(21): object "blanking_sig" assigned a value but never read
Info (12128): Elaborating entity "LPM_COUNTER" for hierarchy "LPM_COUNTER:counterS"
Info (12130): Elaborated megafunction instantiation "LPM_COUNTER:counterS"
Info (12133): Instantiated megafunction "LPM_COUNTER:counterS" with the following parameter:
    Info (12134): Parameter "LPM_WIDTH" = "27"
    Info (12134): Parameter "LPM_MODULUS" = "0"
    Info (12134): Parameter "LPM_DIRECTION" = "UNUSED"
    Info (12134): Parameter "LPM_AVALUE" = "UNUSED"
    Info (12134): Parameter "LPM_SVALUE" = "UNUSED"
    Info (12134): Parameter "LPM_PORT_UPDOWN" = "PORT_CONNECTIVITY"
    Info (12134): Parameter "LPM_PVALUE" = "UNUSED"
    Info (12134): Parameter "LPM_TYPE" = "LPM_COUNTER"
    Info (12134): Parameter "LPM_HINT" = "UNUSED"
Info (12021): Found 1 design units, including 1 entities, in source file db/cntr_9bi.tdf
    Info (12023): Found entity 1: cntr_9bi
Info (12128): Elaborating entity "cntr_9bi" for hierarchy "LPM_COUNTER:counterS|cntr_9bi:auto_generated"
Info (12128): Elaborating entity "g46_VGA" for hierarchy "g46_VGA:vga1"
Info (12128): Elaborating entity "LPM_COUNTER" for hierarchy "g46_VGA:vga1|LPM_COUNTER:counterH"
Info (12130): Elaborated megafunction instantiation "g46_VGA:vga1|LPM_COUNTER:counterH"
Info (12133): Instantiated megafunction "g46_VGA:vga1|LPM_COUNTER:counterH" with the following parameter:
    Info (12134): Parameter "LPM_WIDTH" = "11"
    Info (12134): Parameter "LPM_MODULUS" = "0"
    Info (12134): Parameter "LPM_DIRECTION" = "UNUSED"
    Info (12134): Parameter "LPM_AVALUE" = "UNUSED"
    Info (12134): Parameter "LPM_SVALUE" = "UNUSED"
    Info (12134): Parameter "LPM_PORT_UPDOWN" = "PORT_CONNECTIVITY"
    Info (12134): Parameter "LPM_PVALUE" = "UNUSED"
    Info (12134): Parameter "LPM_TYPE" = "LPM_COUNTER"
    Info (12134): Parameter "LPM_HINT" = "UNUSED"
Info (12021): Found 1 design units, including 1 entities, in source file db/cntr_mpi.tdf
    Info (12023): Found entity 1: cntr_mpi
Info (12128): Elaborating entity "cntr_mpi" for hierarchy "g46_VGA:vga1|LPM_COUNTER:counterH|cntr_mpi:auto_generated"
Info (12128): Elaborating entity "LPM_COUNTER" for hierarchy "g46_VGA:vga1|LPM_COUNTER:counterV"
Info (12130): Elaborated megafunction instantiation "g46_VGA:vga1|LPM_COUNTER:counterV"
Info (12133): Instantiated megafunction "g46_VGA:vga1|LPM_COUNTER:counterV" with the following parameter:
    Info (12134): Parameter "LPM_WIDTH" = "10"
    Info (12134): Parameter "LPM_MODULUS" = "0"
    Info (12134): Parameter "LPM_DIRECTION" = "UNUSED"
    Info (12134): Parameter "LPM_AVALUE" = "UNUSED"
    Info (12134): Parameter "LPM_SVALUE" = "UNUSED"
    Info (12134): Parameter "LPM_PORT_UPDOWN" = "PORT_CONNECTIVITY"
    Info (12134): Parameter "LPM_PVALUE" = "UNUSED"
    Info (12134): Parameter "LPM_TYPE" = "LPM_COUNTER"
    Info (12134): Parameter "LPM_HINT" = "UNUSED"
Info (12021): Found 1 design units, including 1 entities, in source file db/cntr_cej.tdf
    Info (12023): Found entity 1: cntr_cej
Info (12128): Elaborating entity "cntr_cej" for hierarchy "g46_VGA:vga1|LPM_COUNTER:counterV|cntr_cej:auto_generated"
Info (12128): Elaborating entity "g46_Text_Address_Generator" for hierarchy "g46_Text_Address_Generator:text_add_gen"
Info (12128): Elaborating entity "fontROM" for hierarchy "fontROM:rom"
Info (12128): Elaborating entity "g46_Text_Generator" for hierarchy "g46_Text_Generator:text_gen"
Info (19000): Inferred 1 megafunctions from design logic
    Info (276029): Inferred altsyncram megafunction from the following design logic: "fontROM:rom|ROM_rtl_0" 
        Info (286033): Parameter OPERATION_MODE set to ROM
        Info (286033): Parameter WIDTH_A set to 8
        Info (286033): Parameter WIDTHAD_A set to 11
        Info (286033): Parameter NUMWORDS_A set to 2048
        Info (286033): Parameter OUTDATA_REG_A set to UNREGISTERED
        Info (286033): Parameter ADDRESS_ACLR_A set to NONE
        Info (286033): Parameter OUTDATA_ACLR_A set to NONE
        Info (286033): Parameter INDATA_ACLR_A set to NONE
        Info (286033): Parameter WRCONTROL_ACLR_A set to NONE
        Info (286033): Parameter INIT_FILE set to db/g46_Lab4.ram0_fontROM_16852496.hdl.mif
Info (12130): Elaborated megafunction instantiation "fontROM:rom|altsyncram:ROM_rtl_0"
Info (12133): Instantiated megafunction "fontROM:rom|altsyncram:ROM_rtl_0" with the following parameter:
    Info (12134): Parameter "OPERATION_MODE" = "ROM"
    Info (12134): Parameter "WIDTH_A" = "8"
    Info (12134): Parameter "WIDTHAD_A" = "11"
    Info (12134): Parameter "NUMWORDS_A" = "2048"
    Info (12134): Parameter "OUTDATA_REG_A" = "UNREGISTERED"
    Info (12134): Parameter "ADDRESS_ACLR_A" = "NONE"
    Info (12134): Parameter "OUTDATA_ACLR_A" = "NONE"
    Info (12134): Parameter "INDATA_ACLR_A" = "NONE"
    Info (12134): Parameter "WRCONTROL_ACLR_A" = "NONE"
    Info (12134): Parameter "INIT_FILE" = "db/g46_Lab4.ram0_fontROM_16852496.hdl.mif"
Info (12021): Found 1 design units, including 1 entities, in source file db/altsyncram_gm61.tdf
    Info (12023): Found entity 1: altsyncram_gm61
Info (16010): Generating hard_block partition "hard_block:auto_generated_inst"
    Info (16011): Adding 0 node(s), including 0 DDIO, 0 PLL, 0 transceiver and 0 LCELL
Warning (21074): Design contains 3 input pin(s) that do not drive logic
    Warning (15610): No output dependent on input pin "level[0]"
    Warning (15610): No output dependent on input pin "level[1]"
    Warning (15610): No output dependent on input pin "level[2]"
Info (21057): Implemented 384 device resources after synthesis - the final resource count might be different
    Info (21058): Implemented 8 input pins
    Info (21059): Implemented 14 output pins
    Info (21061): Implemented 354 logic cells
    Info (21064): Implemented 8 RAM segments
Info: Quartus II 64-Bit Analysis & Synthesis was successful. 0 errors, 6 warnings
    Info: Peak virtual memory: 535 megabytes
    Info: Processing ended: Fri Nov 25 14:50:53 2016
    Info: Elapsed time: 00:00:08
    Info: Total CPU time (on all processors): 00:00:06


